<?xml version="1.0" encoding="UTF-8"?>
<!-- Generated by org.testng.reporters.JUnitXMLReporter -->
<testsuite ignored="0" hostname="Vivek-PC" failures="0" tests="5" name="Default test" time="23.554" errors="0" timestamp="2024-08-02T19:16:18 IST">
  <testcase classname="tests.Login" name="loginWithValidCredentials" time="1.274"/>
  <testcase classname="tests.Login" name="loginWithInvalidUsername" time="0.961"/>
  <testcase classname="tests.Login" name="loginWithInvalidPassword" time="1.084"/>
  <testcase classname="tests.Login" name="loginWithInvalidUsernamePassword" time="1.351"/>
  <testcase classname="tests.Login" name="loginWithBlankUsernamePassword" time="0.698"/>
</testsuite> <!-- Default test -->
