<?xml version="1.0" encoding="UTF-8"?>
<!-- Generated by org.testng.reporters.JUnitXMLReporter -->
<testsuite ignored="0" hostname="Vivek-PC" failures="0" tests="11" name="Test" time="41.74" errors="0" timestamp="2024-09-04T15:53:32 IST">
  <testcase classname="tests.Login" name="loginWithValidCredentials" time="0.809"/>
  <testcase classname="tests.Login" name="loginWithInvalidUsername" time="0.852"/>
  <testcase classname="tests.Login" name="loginWithInvalidPassword" time="0.811"/>
  <testcase classname="tests.Login" name="loginWithInvalidUsernamePassword" time="0.727"/>
  <testcase classname="tests.Login" name="loginWithBlankUsernamePassword" time="0.769"/>
  <testcase classname="tests.Register" name="registerWithAllfield" time="1.388"/>
  <testcase classname="tests.Register" name="registerWithMandatoryField" time="1.283"/>
  <testcase classname="tests.Register" name="registerWithoutEnteringAnyDetails" time="0.581"/>
  <testcase classname="tests.Search" name="searchForValidProduct" time="0.451"/>
  <testcase classname="tests.Search" name="searchWithInvalidProduct" time="0.377"/>
  <testcase classname="tests.Search" name="searchWithNoProduct" time="0.292"/>
</testsuite> <!-- Test -->
