<?xml version="1.0" encoding="UTF-8"?>
<testng-results ignored="0" total="11" passed="11" failed="0" skipped="0">
  <reporter-output>
  </reporter-output>
  <suite started-at="2024-09-04T15:52:51 IST" name="Suite" finished-at="2024-09-04T15:53:32 IST" duration-ms="41740">
    <groups>
    </groups>
    <test started-at="2024-09-04T15:52:51 IST" name="Test" finished-at="2024-09-04T15:53:32 IST" duration-ms="41740">
      <class name="tests.Login">
        <test-method is-config="true" signature="setup()[pri:0, instance:tests.Login@3e0e1046]" started-at="2024-09-04T15:52:51 IST" name="setup" finished-at="2024-09-04T15:52:56 IST" duration-ms="5607" status="PASS">
          <reporter-output>
          </reporter-output>
        </test-method> <!-- setup -->
        <test-method signature="loginWithValidCredentials()[pri:1, instance:tests.Login@3e0e1046]" started-at="2024-09-04T15:52:56 IST" name="loginWithValidCredentials" finished-at="2024-09-04T15:52:57 IST" duration-ms="809" status="PASS">
          <reporter-output>
          </reporter-output>
        </test-method> <!-- loginWithValidCredentials -->
        <test-method is-config="true" signature="tearDown()[pri:0, instance:tests.Login@3e0e1046]" started-at="2024-09-04T15:52:57 IST" name="tearDown" finished-at="2024-09-04T15:52:57 IST" duration-ms="203" status="PASS">
          <reporter-output>
          </reporter-output>
        </test-method> <!-- tearDown -->
        <test-method is-config="true" signature="setup()[pri:0, instance:tests.Login@3e0e1046]" started-at="2024-09-04T15:52:57 IST" name="setup" finished-at="2024-09-04T15:53:01 IST" duration-ms="3719" status="PASS">
          <reporter-output>
          </reporter-output>
        </test-method> <!-- setup -->
        <test-method signature="loginWithInvalidUsername()[pri:2, instance:tests.Login@3e0e1046]" started-at="2024-09-04T15:53:01 IST" name="loginWithInvalidUsername" finished-at="2024-09-04T15:53:02 IST" duration-ms="852" status="PASS">
          <reporter-output>
          </reporter-output>
        </test-method> <!-- loginWithInvalidUsername -->
        <test-method is-config="true" signature="tearDown()[pri:0, instance:tests.Login@3e0e1046]" started-at="2024-09-04T15:53:02 IST" name="tearDown" finished-at="2024-09-04T15:53:02 IST" duration-ms="154" status="PASS">
          <reporter-output>
          </reporter-output>
        </test-method> <!-- tearDown -->
        <test-method is-config="true" signature="setup()[pri:0, instance:tests.Login@3e0e1046]" started-at="2024-09-04T15:53:02 IST" name="setup" finished-at="2024-09-04T15:53:06 IST" duration-ms="3711" status="PASS">
          <reporter-output>
          </reporter-output>
        </test-method> <!-- setup -->
        <test-method signature="loginWithInvalidPassword()[pri:3, instance:tests.Login@3e0e1046]" started-at="2024-09-04T15:53:06 IST" name="loginWithInvalidPassword" finished-at="2024-09-04T15:53:07 IST" duration-ms="811" status="PASS">
          <reporter-output>
          </reporter-output>
        </test-method> <!-- loginWithInvalidPassword -->
        <test-method is-config="true" signature="tearDown()[pri:0, instance:tests.Login@3e0e1046]" started-at="2024-09-04T15:53:07 IST" name="tearDown" finished-at="2024-09-04T15:53:07 IST" duration-ms="148" status="PASS">
          <reporter-output>
          </reporter-output>
        </test-method> <!-- tearDown -->
        <test-method is-config="true" signature="setup()[pri:0, instance:tests.Login@3e0e1046]" started-at="2024-09-04T15:53:07 IST" name="setup" finished-at="2024-09-04T15:53:09 IST" duration-ms="2597" status="PASS">
          <reporter-output>
          </reporter-output>
        </test-method> <!-- setup -->
        <test-method signature="loginWithInvalidUsernamePassword()[pri:4, instance:tests.Login@3e0e1046]" started-at="2024-09-04T15:53:09 IST" name="loginWithInvalidUsernamePassword" finished-at="2024-09-04T15:53:10 IST" duration-ms="727" status="PASS">
          <reporter-output>
          </reporter-output>
        </test-method> <!-- loginWithInvalidUsernamePassword -->
        <test-method is-config="true" signature="tearDown()[pri:0, instance:tests.Login@3e0e1046]" started-at="2024-09-04T15:53:10 IST" name="tearDown" finished-at="2024-09-04T15:53:10 IST" duration-ms="132" status="PASS">
          <reporter-output>
          </reporter-output>
        </test-method> <!-- tearDown -->
        <test-method is-config="true" signature="setup()[pri:0, instance:tests.Login@3e0e1046]" started-at="2024-09-04T15:53:10 IST" name="setup" finished-at="2024-09-04T15:53:12 IST" duration-ms="2083" status="PASS">
          <reporter-output>
          </reporter-output>
        </test-method> <!-- setup -->
        <test-method signature="loginWithBlankUsernamePassword()[pri:5, instance:tests.Login@3e0e1046]" started-at="2024-09-04T15:53:12 IST" name="loginWithBlankUsernamePassword" finished-at="2024-09-04T15:53:13 IST" duration-ms="769" status="PASS">
          <reporter-output>
          </reporter-output>
        </test-method> <!-- loginWithBlankUsernamePassword -->
        <test-method is-config="true" signature="tearDown()[pri:0, instance:tests.Login@3e0e1046]" started-at="2024-09-04T15:53:13 IST" name="tearDown" finished-at="2024-09-04T15:53:13 IST" duration-ms="153" status="PASS">
          <reporter-output>
          </reporter-output>
        </test-method> <!-- tearDown -->
      </class> <!-- tests.Login -->
      <class name="tests.Search">
        <test-method is-config="true" signature="setup()[pri:0, instance:tests.Search@64b0598]" started-at="2024-09-04T15:53:24 IST" name="setup" finished-at="2024-09-04T15:53:25 IST" duration-ms="1831" status="PASS">
          <reporter-output>
          </reporter-output>
        </test-method> <!-- setup -->
        <test-method signature="searchForValidProduct()[pri:1, instance:tests.Search@64b0598]" started-at="2024-09-04T15:53:25 IST" name="searchForValidProduct" finished-at="2024-09-04T15:53:26 IST" duration-ms="451" status="PASS">
          <reporter-output>
          </reporter-output>
        </test-method> <!-- searchForValidProduct -->
        <test-method is-config="true" signature="tearDown()[pri:0, instance:tests.Search@64b0598]" started-at="2024-09-04T15:53:26 IST" name="tearDown" finished-at="2024-09-04T15:53:26 IST" duration-ms="145" status="PASS">
          <reporter-output>
          </reporter-output>
        </test-method> <!-- tearDown -->
        <test-method is-config="true" signature="setup()[pri:0, instance:tests.Search@64b0598]" started-at="2024-09-04T15:53:26 IST" name="setup" finished-at="2024-09-04T15:53:29 IST" duration-ms="3384" status="PASS">
          <reporter-output>
          </reporter-output>
        </test-method> <!-- setup -->
        <test-method signature="searchWithInvalidProduct()[pri:2, instance:tests.Search@64b0598]" started-at="2024-09-04T15:53:29 IST" name="searchWithInvalidProduct" finished-at="2024-09-04T15:53:30 IST" duration-ms="377" status="PASS">
          <reporter-output>
          </reporter-output>
        </test-method> <!-- searchWithInvalidProduct -->
        <test-method is-config="true" signature="tearDown()[pri:0, instance:tests.Search@64b0598]" started-at="2024-09-04T15:53:30 IST" name="tearDown" finished-at="2024-09-04T15:53:30 IST" duration-ms="137" status="PASS">
          <reporter-output>
          </reporter-output>
        </test-method> <!-- tearDown -->
        <test-method is-config="true" signature="setup()[pri:0, instance:tests.Search@64b0598]" started-at="2024-09-04T15:53:30 IST" name="setup" finished-at="2024-09-04T15:53:32 IST" duration-ms="2030" status="PASS">
          <reporter-output>
          </reporter-output>
        </test-method> <!-- setup -->
        <test-method signature="searchWithNoProduct()[pri:3, instance:tests.Search@64b0598]" started-at="2024-09-04T15:53:32 IST" name="searchWithNoProduct" finished-at="2024-09-04T15:53:32 IST" duration-ms="292" status="PASS">
          <reporter-output>
          </reporter-output>
        </test-method> <!-- searchWithNoProduct -->
        <test-method is-config="true" signature="tearDown()[pri:0, instance:tests.Search@64b0598]" started-at="2024-09-04T15:53:32 IST" name="tearDown" finished-at="2024-09-04T15:53:32 IST" duration-ms="119" status="PASS">
          <reporter-output>
          </reporter-output>
        </test-method> <!-- tearDown -->
      </class> <!-- tests.Search -->
      <class name="tests.Register">
        <test-method is-config="true" signature="setup()[pri:0, instance:tests.Register@5167f57d]" started-at="2024-09-04T15:53:13 IST" name="setup" finished-at="2024-09-04T15:53:15 IST" duration-ms="2197" status="PASS">
          <reporter-output>
          </reporter-output>
        </test-method> <!-- setup -->
        <test-method signature="registerWithAllfield()[pri:1, instance:tests.Register@5167f57d]" started-at="2024-09-04T15:53:15 IST" name="registerWithAllfield" finished-at="2024-09-04T15:53:17 IST" duration-ms="1388" status="PASS">
          <reporter-output>
          </reporter-output>
        </test-method> <!-- registerWithAllfield -->
        <test-method is-config="true" signature="tearDown()[pri:0, instance:tests.Register@5167f57d]" started-at="2024-09-04T15:53:17 IST" name="tearDown" finished-at="2024-09-04T15:53:17 IST" duration-ms="159" status="PASS">
          <reporter-output>
          </reporter-output>
        </test-method> <!-- tearDown -->
        <test-method is-config="true" signature="setup()[pri:0, instance:tests.Register@5167f57d]" started-at="2024-09-04T15:53:17 IST" name="setup" finished-at="2024-09-04T15:53:19 IST" duration-ms="2302" status="PASS">
          <reporter-output>
          </reporter-output>
        </test-method> <!-- setup -->
        <test-method signature="registerWithMandatoryField()[pri:2, instance:tests.Register@5167f57d]" started-at="2024-09-04T15:53:19 IST" name="registerWithMandatoryField" finished-at="2024-09-04T15:53:20 IST" duration-ms="1283" status="PASS">
          <reporter-output>
          </reporter-output>
        </test-method> <!-- registerWithMandatoryField -->
        <test-method is-config="true" signature="tearDown()[pri:0, instance:tests.Register@5167f57d]" started-at="2024-09-04T15:53:20 IST" name="tearDown" finished-at="2024-09-04T15:53:21 IST" duration-ms="147" status="PASS">
          <reporter-output>
          </reporter-output>
        </test-method> <!-- tearDown -->
        <test-method is-config="true" signature="setup()[pri:0, instance:tests.Register@5167f57d]" started-at="2024-09-04T15:53:21 IST" name="setup" finished-at="2024-09-04T15:53:23 IST" duration-ms="2234" status="PASS">
          <reporter-output>
          </reporter-output>
        </test-method> <!-- setup -->
        <test-method signature="registerWithoutEnteringAnyDetails()[pri:3, instance:tests.Register@5167f57d]" started-at="2024-09-04T15:53:23 IST" name="registerWithoutEnteringAnyDetails" finished-at="2024-09-04T15:53:23 IST" duration-ms="581" status="PASS">
          <reporter-output>
          </reporter-output>
        </test-method> <!-- registerWithoutEnteringAnyDetails -->
        <test-method is-config="true" signature="tearDown()[pri:0, instance:tests.Register@5167f57d]" started-at="2024-09-04T15:53:23 IST" name="tearDown" finished-at="2024-09-04T15:53:24 IST" duration-ms="135" status="PASS">
          <reporter-output>
          </reporter-output>
        </test-method> <!-- tearDown -->
      </class> <!-- tests.Register -->
    </test> <!-- Test -->
  </suite> <!-- Suite -->
</testng-results>
